\BOOKMARK [0][-]{chapter*.2}{Pr\363logo}{}% 1
\BOOKMARK [0][-]{chapter.1}{Tipos enumerables}{}% 2
\BOOKMARK [1][-]{section.1.1}{Matriz \(array\)}{chapter.1}% 3
\BOOKMARK [2][-]{subsection.1.1.1}{Unidimensional}{section.1.1}% 4
\BOOKMARK [2][-]{subsection.1.1.2}{Multidimensional}{section.1.1}% 5
\BOOKMARK [2][-]{subsection.1.1.3}{Escalonada \(jagged\)}{section.1.1}% 6
\BOOKMARK [1][-]{section.1.2}{Lista}{chapter.1}% 7
\BOOKMARK [2][-]{subsection.1.2.1}{Simplemente enlazada}{section.1.2}% 8
\BOOKMARK [2][-]{subsection.1.2.2}{Doblemente enlazada}{section.1.2}% 9
\BOOKMARK [2][-]{subsection.1.2.3}{Circular}{section.1.2}% 10
\BOOKMARK [1][-]{section.1.3}{Pila \(stack\)}{chapter.1}% 11
\BOOKMARK [1][-]{section.1.4}{Cola \(queue\)}{chapter.1}% 12
\BOOKMARK [1][-]{section.1.5}{Diccionario}{chapter.1}% 13
\BOOKMARK [0][-]{chapter.2}{Manejo de directorios}{}% 14
\BOOKMARK [0][-]{chapter.3}{Manejo de ficheros}{}% 15
\BOOKMARK [1][-]{section.3.1}{Apertura/creaci\363n del fichero}{chapter.3}% 16
\BOOKMARK [1][-]{section.3.2}{Lectura/escritura de datos}{chapter.3}% 17
\BOOKMARK [0][-]{chapter.4}{Programaci\363n orientada a objetos}{}% 18
\BOOKMARK [0][-]{chapter.5}{Indizadores}{}% 19
\BOOKMARK [0][-]{chapter.6}{Eventos}{}% 20
\BOOKMARK [0][-]{chapter.7}{Tareas}{}% 21
\BOOKMARK [0][-]{chapter*.3}{Definiciones}{}% 22
\BOOKMARK [0][-]{chapter*.4}{Bibliograf\355a}{}% 23
